<?xml version="1.0" encoding="UTF-8"?>
<!-- Generated by org.testng.reporters.JUnitReportReporter -->
<testsuite hostname="LMMUMLP1233" failures="0" tests="2" name="TestNgPackage.NewTest" time="0.010" errors="0" timestamp="2024-01-25T10:52:20 IST" skipped="0">
  <testcase classname="TestNgPackage.NewTest" name="test3" time="0.009"/>
  <testcase classname="TestNgPackage.NewTest" name="test4" time="0.001"/>
</testsuite> <!-- TestNgPackage.NewTest -->
