<?xml version="1.0" encoding="UTF-8"?>
<!-- Generated by org.testng.reporters.JUnitReportReporter -->
<testsuite hostname="LMMUMLP1233" failures="0" tests="2" name="TestNgPackage.RegistrationETE" time="40.575" errors="0" timestamp="2024-01-30T12:54:21 IST" skipped="0">
  <testcase classname="TestNgPackage.RegistrationETE" name="f" time="17.339"/>
  <testcase classname="TestNgPackage.RegistrationETE" name="f" time="23.236"/>
</testsuite> <!-- TestNgPackage.RegistrationETE -->
