<?xml version="1.0" encoding="UTF-8"?>
<!-- Generated by org.testng.reporters.JUnitReportReporter -->
<testsuite hostname="LMMUMLP1233" failures="0" tests="2" name="TestNgPackage.RegistrationETEcasestudy1" time="39.764" errors="0" timestamp="2024-01-30T16:17:13 IST" skipped="0">
  <testcase classname="TestNgPackage.RegistrationETEcasestudy1" name="f" time="18.203"/>
  <testcase classname="TestNgPackage.RegistrationETEcasestudy1" name="f" time="21.561"/>
</testsuite> <!-- TestNgPackage.RegistrationETEcasestudy1 -->
