<?xml version="1.0" encoding="UTF-8"?>
<!-- Generated by org.testng.reporters.JUnitReportReporter -->
<testsuite hostname="LMMUMLP1233" failures="0" tests="1" name="TestNgPackage.Lab8_TestNG" time="16.095" errors="0" timestamp="2024-01-22T18:53:52 IST" skipped="0">
  <testcase classname="TestNgPackage.Lab8_TestNG" name="f" time="16.095"/>
</testsuite> <!-- TestNgPackage.Lab8_TestNG -->
