<?xml version="1.0" encoding="UTF-8"?>
<!-- Generated by org.testng.reporters.JUnitReportReporter -->
<testsuite hostname="LMMUMLP1233" failures="0" tests="2" name="TestNgPackage.BookingLumaETE$Luma_Booking" time="72.923" errors="0" timestamp="2024-01-30T16:25:09 IST" skipped="0">
  <testcase classname="TestNgPackage.BookingLumaETE$Luma_Booking" name="f" time="35.553"/>
  <testcase classname="TestNgPackage.BookingLumaETE$Luma_Booking" name="f" time="37.370"/>
</testsuite> <!-- TestNgPackage.BookingLumaETE$Luma_Booking -->
