<?xml version="1.0" encoding="UTF-8"?>
<!-- Generated by org.testng.reporters.JUnitReportReporter -->
<testsuite hostname="LMMUMLP1233" failures="0" tests="3" name="TestNgPackage.CrossBroswer" time="75.753" errors="0" timestamp="2024-01-24T17:27:22 IST" skipped="0">
  <testcase classname="TestNgPackage.CrossBroswer" name="test1" time="16.693"/>
  <testcase classname="TestNgPackage.CrossBroswer" name="test1" time="21.880"/>
  <testcase classname="TestNgPackage.CrossBroswer" name="test1" time="37.180"/>
</testsuite> <!-- TestNgPackage.CrossBroswer -->
