<?xml version="1.0" encoding="UTF-8"?>
<!-- Generated by org.testng.reporters.JUnitReportReporter -->
<testsuite hostname="LMMUMLP1233" failures="0" tests="1" name="Pac_selenium2024.pactesting" time="0.001" errors="0" timestamp="2024-01-25T10:52:20 IST" skipped="0">
  <testcase classname="Pac_selenium2024.pactesting" name="f" time="0.001"/>
</testsuite> <!-- Pac_selenium2024.pactesting -->
