<?xml version="1.0" encoding="UTF-8"?>
<!-- Generated by org.testng.reporters.JUnitReportReporter -->
<testsuite hostname="LMMUMLP1233" failures="0" tests="9" name="TestNgPackage.TestNGproPerties" time="432.926" errors="0" timestamp="2024-01-24T17:31:35 IST" skipped="0">
  <testcase classname="TestNgPackage.TestNGproPerties" name="f" time="47.940"/>
  <testcase classname="TestNgPackage.TestNGproPerties" name="f" time="58.659"/>
  <testcase classname="TestNgPackage.TestNGproPerties" name="f" time="50.849"/>
  <testcase classname="TestNgPackage.TestNGproPerties" name="f" time="37.308"/>
  <testcase classname="TestNgPackage.TestNGproPerties" name="f" time="57.762"/>
  <testcase classname="TestNgPackage.TestNGproPerties" name="f" time="34.826"/>
  <testcase classname="TestNgPackage.TestNGproPerties" name="f" time="52.811"/>
  <testcase classname="TestNgPackage.TestNGproPerties" name="f" time="48.185"/>
  <testcase classname="TestNgPackage.TestNGproPerties" name="f" time="44.586"/>
</testsuite> <!-- TestNgPackage.TestNGproPerties -->
