<?xml version="1.0" encoding="UTF-8"?>
<!-- Generated by org.testng.reporters.JUnitReportReporter -->
<testsuite hostname="LMMUMLP1233" failures="0" tests="1" name="TestNgPackage.TC0011_TestNG" time="0.025" errors="0" timestamp="2024-01-22T13:33:20 IST" skipped="0">
  <testcase classname="TestNgPackage.TC0011_TestNG" name="logintest" time="0.025"/>
</testsuite> <!-- TestNgPackage.TC0011_TestNG -->
